 O3    +NO      = NO2   + O2    
 O3    +OH      = HO2   + O2    
 O3    +HO2     = OH    + O2    + O2    
 O3    +NO2     = O2    + NO3     
 O3    +MO2     = CH2O  + HO2   + O2    
 OH    +OH      = H2O   + O3      
 OH    +OH      = H2O2    	      
       +          	      	      
 OH    +HO2     = H2O   + O2      
 OH    +H2O2    = H2O   + HO2     
 HO2   +NO      = OH    + NO2     
 HO2   +HO2     = H2O2    	      
       +          	      	      
 OH    +H2      = H2O   + HO2     
 CO    +OH      = HO2     	      
 OH    +CH4     = MO2   + H2O     
 MO2   +NO      = CH2O  + HO2   + NO2   
 MO2   +HO2     = MP    + O2      
 MO2   +MO2     = MOH   + CH2O  + O2    
       +          	      	      
 MO2   +MO2     = CH2O  + HO2     
       +          	      	      
 MP    +OH      = MO2   + H2O     
 MP    +OH      = CH2O  + OH    + H2O   
 ATOOH +OH      = ATO2  + H2O     
 ATOOH +OH      = MGLY  + OH    + H2O   
 CH2O  +OH      = CO    + HO2   + H2O   
 NO2   +OH      = HNO3  + M       
       +          	      	      
 HNO3  +OH      = H2O   + NO3     
       +          	      	      
       +          	      	      
 NO    +OH      = HNO2  + M       
       +          	      	      
 HNO2  +OH      = H2O   + NO2     
 HO2   +NO2     = HNO4  + M       
       +          	      	      
 HNO4  +        = HO2   + NO2     
       +          	      	      
 HNO4  +OH      = H2O   + NO2   + O2    
 HO2   +NO3     = OH    + NO2   + O2    
 NO    +NO3     = NO2     	      
 OH    +NO3     = HO2   + NO2     
 NO2   +NO3     = N2O5  + M       
       +          	      	      
 N2O5  +        = NO2   + NO3     
       +          	      	      
 HCOOH +OH      = H2O   +       + HO2   
 MOH   +OH      = HO2   + CH2O    
 NO2   +NO3     = NO    + NO2   + O2    
 NO3   +CH2O    = HNO3  + HO2   + CO    
 ALD2  +OH      = MCO3  + CH2O  + CO    + HO2   
 ALD2  +NO3     = HNO3  + MCO3    	      	      
 MCO3  +NO2     = PAN     	      	      	      
       +          	      	      	      	      
 PAN   +        = MCO3  + NO2     	      	      
 MCO3  +NO      = MO2   + NO2     	      	      
 C2H6  +OH      = ETO2  + H2O     	      	      
 ETO2  +NO      = ALD2  + NO2   + HO2     	      
 C3H8  +OH      = B3O2    	      	      	      
       +          	      	      	      	      
 C3H8  +OH      = A3O2    	      	      	      
       +          	      	      	      	      
 A3O2  +NO      = NO2   + HO2   + RCHO    	      
 PO2   +NO      = NO2   + HO2   + CH2O  + ALD2    
 ALK4  +OH      = R4O2    	      	      	      
 R4O2  +NO      = NO2   + ACET  + MEK   + MO2   + HO2   + ALD2  + RCHO  + A3O2  + B3O2  + ETO2  
       +          	      	      	      	      	      	      	      	      	      
 R4O2  +NO      = R4N2    	      	      	      	      	      	      	      	      
       +          	      	      	      	      	      	      	      	      	      
 R4N1  +NO      = NO2   + CH2O  + ALD2  + RCHO  + R4O2    	      	      	      	      
 ATO2  +NO      = NO2   + CH2O  + MCO3  + R4N2    	      	      	      	      	      
 KO2   +NO      = NO2   + ALD2  + MCO3  + R4N2    	      	      	      	      	      
 RIO2  +NO      = NO2   + HO2   + CH2O  + MVK   + MACR  + ISOPND+ ISOPNB+ HC5   + DIBOO   
 RIO2  +        = HO2   + CH2O  + MGLY  + GLYC  + GLYX  + GLYX  + HAC   + OH      	      
 VRO2  +NO      = NO2   + HO2   + CH2O  + MCO3  + GLYC  + MGLY  + MVKN    	      	      
 MRO2  +NO      = NO2   + HO2   + MGLY  + HAC   + CO    + CH2O  + MACRN   	      	      
 MRO2  +        = CO    + HAC   + OH      	      	      	      	      	      	      
 MAN2  +NO      = NO2   + CH2O  + MGLY  + PROPNN+ CO    + OH      	      	      	      
 B3O2  +NO      = NO2   + HO2   + ACET    	      	      	      	      	      	      
 INO2  +NO      = NO2   + HO2   + ISN1  + HC5   + MACR  + CH2O  + MVK     	      	      
 INO2  +NO3     = NO2   + HO2   + ISN1  + HC5   + MACR  + CH2O  + MVK     	      	      
 ISN1  +NO3     = ISNOOA+ ISNOOB+ HNO3    	      	      	      	      	      	      
 ISNOOA+NO3     = NO2   + R4N2  + CO    + HO2     	      	      	      	      	      
 ISNOOA+NO      = NO2   + R4N2  + CO    + HO2     	      	      	      	      	      
 ISNOOA+NO2     = PMN     	      	      	      	      	      	      	      	      
       +          	      	      	      	      	      	      	      	      	      
 ISNOOA+HO2     = RP    + RCOOH + O3      	      	      	      	      	      	      
 ISNOOB+NO3     = R4N2  + GLYX  + NO2   + NO2     	      	      	      	      	      
 ISNOOB+NO      = R4N2  + GLYX  + NO2   + NO2     	      	      	      	      	      
 ISNOOB+HO2     = INPN    	      	      	      	      	      	      	      	      
 ISNOOB+MO2     = R4N2  + GLYX  + NO2   + CH2O  + MOH   + HO2   + CH2O    	      	      
 ISN1  +O3      = R4N2  + GLYX  + NO2   + CH2O  + MOH   + HO2   + CH2O    	      	      
 ISN1  +OH      = ISNOOA+ ISNOHO  	      	      	      	      	      	      	      
 ISNOHO+NO      = R4N2  + HO2   + GLYX    	      	      	      	      	      	      
 ISNOHO+HO2     = INPN    	      	      	      	      	      	      	      	      
 ISNOHO+MO2     = R4N2  + GLYX  + HO2   + CH2O  + MOH   + CH2O  + HO2     	      	      
 INO2  +INO2    = NO2   + HO2   + ISN1  + HC5   + MACR  + CH2O  + MVK   + ISN1  + ISOPND  
 PRN1  +NO      = NO2   + CH2O  + ALD2    	      	      	      	      	      	      
 ALK4  +NO3     = HNO3  + R4O2    	      	      	      	      	      	      	      
 R4N2  +OH      = R4N1  + H2O     	      	      	      	      	      	      	      
 ACTA  +OH      = MO2   +       + H2O     	      	      	      	      	      	      
 OH    +RCHO    = RCO3  + H2O     	      	      	      	      	      	      	      
 RCO3  +NO2     = PPN     	      	      	      	      	      	      	      	      
       +          	      	      	      	      	      	      	      	      	      
 PPN   +        = RCO3  + NO2     	      	      	      	      	      	      	      
 MAO3  +NO2     = PMN     	      	      	      	      	      	      	      	      
       +          	      	      	      	      	      	      	      	      	      
 PMN   +        = MAO3  + NO2     	      	      	      	      	      	      	      
 RCO3  +NO      = NO2   + ETO2    	      	      	      	      	      	      	      
 MAO3  +NO      = NO2   + CH2O  + CO    +       + MO2   + MCO3    	      	      	      
 RCHO  +NO3     = HNO3  + RCO3    	      	      	      	      	      	      	      
 ACET  +OH      = ATO2  + H2O     	      	      	      	      	      	      	      
 ACET  +OH      = ATO2  + H2O     	      	      	      	      	      	      	      
 A3O2  +MO2     = HO2   + CH2O  + RCHO  + MOH   + ROH     	      	      	      	      
 PO2   +MO2     = HO2   + ALD2  + CH2O  + HAC   + RCHO  + MOH   + ROH     	      	      
 R4O2  +HO2     = R4P     	      	      	      	      	      	      	      	      
 R4N1  +HO2     = R4N2    	      	      	      	      	      	      	      	      
 ATO2  +HO2     = MCO3  + OH    + CH2O  + ATOOH   	      	      	      	      	      
 KO2   +HO2     = OH    + ALD2  + MCO3  + ATOOH   	      	      	      	      	      
       +          	      	      	      	      	      	      	      	      	      
 RIO2  +HO2     = RIP   + OH    + MACR  + MVK   + HO2   + CH2O    	      	      	      
       +          	      	      	      	      	      	      	      	      	      
 VRO2  +HO2     = VRP   + OH    + GLYC  + MCO3  + MEK   + HO2   + CH2O  + MGLY  + RCHO    
       +          	      	      	      	      	      	      	      	      	      
 MRO2  +HO2     = MRP     	      	      	      	      	      	      	      	      
       +          	      	      	      	      	      	      	      	      	      
 MAN2  +HO2     = PROPNN+ CO    + HO2   + MGLY  + CH2O  + NO2   + OH    + ISNP    	      
       +          	      	      	      	      	      	      	      	      	      
 B3O2  +HO2     = RB3P    	      	      	      	      	      	      	      	      
       +          	      	      	      	      	      	      	      	      	      
 INO2  +HO2     = INPN    	      	      	      	      	      	      	      	      
       +          	      	      	      	      	      	      	      	      	      
 PRN1  +HO2     = PRPN    	      	      	      	      	      	      	      	      
       +          	      	      	      	      	      	      	      	      	      
 MEK   +OH      = KO2   + H2O     	      	      	      	      	      	      	      
 MO2   +ETO2    = CH2O  + ALD2  + HO2   + MOH   + EOH     	      	      	      	      
 MEK   +NO3     = HNO3  + KO2     	      	      	      	      	      	      	      
 R4O2  +MO2     = ACET  + MEK   + MO2   + HO2   + ALD2  + RCHO  + A3O2  + B3O2  + ETO2  + MEK   + CH2O  + MOH   + ROH   + HO2   
 R4N1  +MO2     = NO2   + CH2O  + ALD2  + RCHO  + R4O2  + RCHO  + CH2O  + MOH   + ROH   + HO2     	      	      
 ATO2  +MO2     = HO2   + CH2O  + MCO3  + HAC   + CH2O  + MGLY  + MOH     	      	      	      	      	      
 KO2   +MO2     = ALD2  + MCO3  + MEK   + CH2O  + MOH   + ROH   + HO2     	      	      	      	      	      
 RIO2  +MO2     = HO2   + CH2O  + MVK   + MACR  + HC5   + MOH   + ROH     	      	      	      	      	      
 RIO2  +RIO2    = HO2   + CH2O  + MVK   + MACR  + ROH   + HC5     	      	      	      	      	      	      
 HC5OO +MO2     = HO2   + CO    + H2    + HAC   + GLYC  + MGLY  + MEK   + CH2O  + MOH   + ROH   + HO2     	      
 VRO2  +MO2     = HO2   + CH2O  + MCO3  + GLYC  + MGLY  + MEK   + CH2O  + MOH   + ROH   + HO2     	      	      
 MRO2  +MO2     = HAC   + MGLY  + CO    + CH2O  + HO2   + ROH     	      	      	      	      	      	      
 MAN2  +MO2     = PROPNN+ CO    + HO2   + MGLY  + CH2O  + NO2   +       +       + CH2O  + R4N2    	      	      
 B3O2  +MO2     = HO2   + ACET  + ACET  + CH2O  + MOH   + ROH   + HO2     	      	      	      	      	      
 INO2  +MO2     = NO2   + HO2   + ISN1  + CH2O  + MACR  + MVK   + HC5   + ISN1  + ISOPND+ CH2O  + HO2   + CH2O  + MOH   
 PRN1  +MO2     = NO2   + CH2O  + ALD2  + RCHO  + CH2O  + MOH   + ROH   + HO2     	      	      	      	      
 EOH   +OH      = HO2   + ALD2    	      	      	      	      	      	      	      	      	      	      
 ROH   +OH      = HO2   + RCHO    	      	      	      	      	      	      	      	      	      	      
 ETO2  +ETO2    = ALD2  + HO2     	      	      	      	      	      	      	      	      	      	      
 ETO2  +ETO2    = EOH   + ALD2    	      	      	      	      	      	      	      	      	      	      
 HO2   +ETO2    = ETP     	      	      	      	      	      	      	      	      	      	      	      
 A3O2  +HO2     = RA3P    	      	      	      	      	      	      	      	      	      	      	      
       +          	      	      	      	      	      	      	      	      	      	      	      	      
 PO2   +HO2     = PP      	      	      	      	      	      	      	      	      	      	      	      
       +          	      	      	      	      	      	      	      	      	      	      	      	      
 HO2   +MCO3    = MAP   + ACTA  + O3    + OH    + MO2     	      	      	      	      	      	      	      
 RCO3  +HO2     = RP    + RCOOH + O3    + OH    + ETO2    	      	      	      	      	      	      	      
 MAO3  +HO2     = OH    + O3    + CH2O  + MO2   + MAOP  + CO      	      	      	      	      	      	      
 PRPE  +OH      = PO2     	      	      	      	      	      	      	      	      	      	      	      
       +          	      	      	      	      	      	      	      	      	      	      	      	      
 PRPE  +O3      = ALD2  + OH    + HO2   + CO    + CH2O  + HCOOH + ACTA  + MOH     	      	      	      	      
 PMN   +OH      = HAC   + CO    + NO2     	      	      	      	      	      	      	      	      	      
 PMN   +O3      = NO2   + CH2O  + HO2     	      	      	      	      	      	      	      	      	      
 GLYC  +OH      = CH2O  +       + CO    + OH    + HO2   + GLYX  + HCOOH   	      	      	      	      	      
 GLYC  +OH      = HCOOH + OH    + CO      	      	      	      	      	      	      	      	      	      
 PRPE  +NO3     = PRN1    	      	      	      	      	      	      	      	      	      	      	      
 GLYX  +OH      = HO2   + CO      	      	      	      	      	      	      	      	      	      	      
 MGLY  +OH      = MCO3  + CO      	      	      	      	      	      	      	      	      	      	      
 GLYX  +NO3     = HNO3  + HO2   + CO      	      	      	      	      	      	      	      	      	      
 MGLY  +NO3     = HNO3  + CO    + MCO3    	      	      	      	      	      	      	      	      	      
 ISOP  +OH      = RIO2  + LISOPO  	      	      	      	      	      	      	      	      	      	      
 MVK   +OH      = VRO2    	      	      	      	      	      	      	      	      	      	      	      
 MACR  +OH      = MAO3  + MRO2    	      	      	      	      	      	      	      	      	      	      
 HAC   +OH      = MGLY  + HO2     	      	      	      	      	      	      	      	      	      	      
 HAC   +OH      = HCOOH + OH    + ACTA  +       + CO    + MO2     	      	      	      	      	      	      
 MCO3  +A3O2    = MO2   + RCHO  + HO2     	      	      	      	      	      	      	      	      	      
 MCO3  +PO2     = MO2   + ALD2  + CH2O  + HO2     	      	      	      	      	      	      	      	      
 MCO3  +A3O2    = ACTA  + RCHO    	      	      	      	      	      	      	      	      	      	      
 MCO3  +PO2     = ACTA  + RCHO  + HAC     	      	      	      	      	      	      	      	      	      
 ISOP  +O3      = MVK   + MACR  + CH2O  + H2O2  + CO    + HCOOH + MCO3  + HO2   + OH    + PRPE  + MO2     	      
 MVK   +O3      = OH    + HO2   + HCOOH + CO    + ALD2  + MGLY  + CH2O    	      	      	      	      	      
 MACR  +O3      = OH    + HO2   + HCOOH + CO    + MGLY  + CH2O    	      	      	      	      	      	      
 ISOP  +NO3     = INO2  + LISOPN  	      	      	      	      	      	      	      	      	      	      
 MACR  +NO3     = MAN2    	      	      	      	      	      	      	      	      	      	      	      
 MACR  +NO3     = MAO3  + HNO3    	      	      	      	      	      	      	      	      	      	      
 RCO3  +MO2     = CH2O  + HO2   + ETO2    	      	      	      	      	      	      	      	      	      
 MAO3  +MO2     = CH2O  + HO2   + CH2O  + MCO3    	      	      	      	      	      	      	      	      
 RCO3  +MO2     = RCOOH + CH2O    	      	      	      	      	      	      	      	      	      	      
 MAO3  +MO2     = RCOOH + CH2O    	      	      	      	      	      	      	      	      	      	      
 INPN  +OH      = OH    + NO2   + MEK     	      	      	      	      	      	      	      	      	      
 INPN  +OH      = INO2  + R4N2  + OH      	      	      	      	      	      	      	      	      	      
 PRPN  +OH      = PRN1  + OH    + PROPNN  	      	      	      	      	      	      	      	      	      
 ETP   +OH      = OH    + ETO2  + ALD2    	      	      	      	      	      	      	      	      	      
 RA3P  +OH      = OH    + A3O2  + RCHO    	      	      	      	      	      	      	      	      	      
 RB3P  +OH      = OH    + B3O2  + ACET    	      	      	      	      	      	      	      	      	      
 R4P   +OH      = OH    + R4O2  + RCHO    	      	      	      	      	      	      	      	      	      
 RP    +OH      = RCO3    	      	      	      	      	      	      	      	      	      	      	      
 PP    +OH      = OH    + PO2   + HAC     	      	      	      	      	      	      	      	      	      
 RIP   +OH      = RIO2  + OH    + HC5     	      	      	      	      	      	      	      	      	      
 RIP   +OH      = OH    + IEPOX   	      	      	      	      	      	      	      	      	      	      
 IEPOX +OH      = IEPOXO  	      	      	      	      	      	      	      	      	      	      	      
 IEPOXO+HO2     = HAC   + GLYC  + GLYX  + MGLY  + OH    + HO2   +       + CH2O  + HCOOH + CO      	      	      
       +          	      	      	      	      	      	      	      	      	      	      	      	      
 IEPOXO+NO      = HAC   + GLYC  + GLYX  + MGLY  + OH    + HO2   +       + CH2O  + HCOOH + CO    + NO2     	      
 IAP   +OH      = OH    + DHMOB + HC5OO   	      	      	      	      	      	      	      	      	      
 VRP   +OH      = OH    + MEK   + VRO2    	      	      	      	      	      	      	      	      	      
 MRP   +OH      = MRO2    	      	      	      	      	      	      	      	      	      	      	      
 MRP   +OH      =       + HAC   + OH      	      	      	      	      	      	      	      	      	      
 MAOP  +OH      = MAO3    	      	      	      	      	      	      	      	      	      	      	      
 MAOP  +OH      = MAOPO2  	      	      	      	      	      	      	      	      	      	      	      
 MCO3  +MAOPO2  = HAC   +       + OH    + MO2     	      	      	      	      	      	      	      	      
 MCO3  +MAOPO2  = ACTA  + MEK     	      	      	      	      	      	      	      	      	      	      
 MAOPO2+MO2     = HAC   +       + OH    + CH2O  + HO2   + ROH     	      	      	      	      	      	      
 MAOPO2+MAOPO2  = HAC   +       + OH      	      	      	      	      	      	      	      	      	      
 MAOPO2+HO2     = HAC   +       + OH      	      	      	      	      	      	      	      	      	      
       +          	      	      	      	      	      	      	      	      	      	      	      	      
 MAOPO2+NO      = HAC   +       + OH    + NO2     	      	      	      	      	      	      	      	      
       +          	      	      	      	      	      	      	      	      	      	      	      	      
 MAOPO2+NO      = HNO3    	      	      	      	      	      	      	      	      	      	      	      
       +          	      	      	      	      	      	      	      	      	      	      	      	      
 OH    +MAP     = MCO3    	      	      	      	      	      	      	      	      	      	      	      
 C2H6  +NO3     = ETO2  + HNO3    	      	      	      	      	      	      	      	      	      	      
 HC5   +O3      = MGLY  + OH    + CH2O  + GLYC  + O3    + CO    + H2    + HAC   + HCOOH   	      	      	      
 MCO3  +MCO3    = MO2     	      	      	      	      	      	      	      	      	      	      	      
 MCO3  +MO2     = CH2O  + MO2   + HO2     	      	      	      	      	      	      	      	      	      
 MCO3  +MO2     = ACTA  + CH2O    	      	      	      	      	      	      	      	      	      	      
 R4O2  +MCO3    = MO2   + ACET  + MEK   + HO2   + ALD2  + RCHO  + A3O2  + B3O2  + ETO2    	      	      	      
 ATO2  +MCO3    = MO2   + MCO3  + CH2O    	      	      	      	      	      	      	      	      	      
 KO2   +MCO3    = MO2   + ALD2  + MCO3    	      	      	      	      	      	      	      	      	      
 RIO2  +MCO3    = HO2   + CH2O  + MVK   + MACR  + HC5   + DIBOO +       + MO2     	      	      	      	      
 HC5OO +MCO3    = GLYX  + MGLY  + GLYC  + HAC   + DHMOB + MOBA  + RCHO  + HO2   + CO    + MO2     	      	      
 VRO2  +MCO3    = HO2   + CH2O  + MCO3  + GLYC  + MGLY  + MO2     	      	      	      	      	      	      
 MRO2  +MCO3    = HO2   + MGLY  + HAC   + CO    + CH2O  + MO2     	      	      	      	      	      	      
 B3O2  +MCO3    = MO2   + HO2   + ACET    	      	      	      	      	      	      	      	      	      
 R4N1  +MCO3    = MO2   + NO2   + CH2O  + ALD2  + RCHO  + R4O2    	      	      	      	      	      	      
 MAN2  +MCO3    = PROPNN+ CO    + HO2   + MGLY  + CH2O  + NO2   +       + MO2     	      	      	      	      
 INO2  +MCO3    = MO2   + ISN1  + HO2   + MVK   + MACR  + CH2O  + NO2   + HC5     	      	      	      	      
 PRN1  +MCO3    = MO2   + NO2   + CH2O  + ALD2    	      	      	      	      	      	      	      	      
 R4O2  +MCO3    = MEK   + ACTA    	      	      	      	      	      	      	      	      	      	      
 ATO2  +MCO3    = MEK   + ACTA    	      	      	      	      	      	      	      	      	      	      
 KO2   +MCO3    = MEK   + ACTA    	      	      	      	      	      	      	      	      	      	      
 RIO2  +MCO3    = MEK   + ACTA    	      	      	      	      	      	      	      	      	      	      
 HC5OO +MCO3    = MEK   + ACTA    	      	      	      	      	      	      	      	      	      	      
 VRO2  +MCO3    = MEK   + ACTA    	      	      	      	      	      	      	      	      	      	      
 MRO2  +MCO3    = MEK   + ACTA    	      	      	      	      	      	      	      	      	      	      
 R4N1  +MCO3    = RCHO  + ACTA  + NO2     	      	      	      	      	      	      	      	      	      
 MAN2  +MCO3    = RCHO  + ACTA  + NO2     	      	      	      	      	      	      	      	      	      
 INO2  +MCO3    = RCHO  + ACTA  + NO2     	      	      	      	      	      	      	      	      	      
 PRN1  +MCO3    = RCHO  + ACTA  + NO2     	      	      	      	      	      	      	      	      	      
 B3O2  +MCO3    = ACET  + ACTA    	      	      	      	      	      	      	      	      	      	      
 MCO3  +ETO2    = MO2   + ALD2  + HO2     	      	      	      	      	      	      	      	      	      
 MCO3  +ETO2    = ACTA  + ALD2    	      	      	      	      	      	      	      	      	      	      
 RCO3  +MCO3    = MO2   + ETO2    	      	      	      	      	      	      	      	      	      	      
 MAO3  +MCO3    = MO2   + CH2O  + MCO3    	      	      	      	      	      	      	      	      	      
 NO3   +NO3     = NO2   + O2      	      	      	      	      	      	      	      	      	      	      
 MO2   +NO2     = MPN   + M       	      	      	      	      	      	      	      	      	      	      
       +          	      	      	      	      	      	      	      	      	      	      	      	      
 MPN   +        = MO2   + NO2     	      	      	      	      	      	      	      	      	      	      
       +          	      	      	      	      	      	      	      	      	      	      	      	      
 EMISSI+        = NO      	      	      	      	      	      	      	      	      	      	      	      
 EMISSI+        = NO2     	      	      	      	      	      	      	      	      	      	      	      
 EMISSI+        = CO      	      	      	      	      	      	      	      	      	      	      	      
 EMISSI+        = ALK4    	      	      	      	      	      	      	      	      	      	      	      
 EMISSI+        = ISOP    	      	      	      	      	      	      	      	      	      	      	      
 EMISSI+        = ACET    	      	      	      	      	      	      	      	      	      	      	      
 EMISSI+        = PRPE    	      	      	      	      	      	      	      	      	      	      	      
 EMISSI+        = C3H8    	      	      	      	      	      	      	      	      	      	      	      
 EMISSI+        = C2H6    	      	      	      	      	      	      	      	      	      	      	      
 EMISSI+        = MEK     	      	      	      	      	      	      	      	      	      	      	      
 EMISSI+        = ALD2    	      	      	      	      	      	      	      	      	      	      	      
 EMISSI+        = CH2O    	      	      	      	      	      	      	      	      	      	      	      
 EMISSI+        = O3      	      	      	      	      	      	      	      	      	      	      	      
 EMISSI+        = HNO3    	      	      	      	      	      	      	      	      	      	      	      
 EMISSI+        = CHBr3   	      	      	      	      	      	      	      	      	      	      	      
 EMISSI+        = CH2Br2  	      	      	      	      	      	      	      	      	      	      	      
 EMISSI+        = Br2     	      	      	      	      	      	      	      	      	      	      	      
 EMISSI+        = BENZ    	      	      	      	      	      	      	      	      	      	      	      
 EMISSI+        = TOLU    	      	      	      	      	      	      	      	      	      	      	      
 EMISSI+        = XYLE    	      	      	      	      	      	      	      	      	      	      	      
 EMISSI+        = MONX    	      	      	      	      	      	      	      	      	      	      	      
 ACET  +        =       + DRYACE  	      	      	      	      	      	      	      	      	      	      
 NO2   +        =       + DRYNO2  	      	      	      	      	      	      	      	      	      	      
 PMNN  +        =       + DRYPMN  	      	      	      	      	      	      	      	      	      	      
 O3    +        =       + DRYO3   	      	      	      	      	      	      	      	      	      	      
 PAN   +        =       + DRYPAN  	      	      	      	      	      	      	      	      	      	      
 HNO3  +        =       + DRYHNO  	      	      	      	      	      	      	      	      	      	      
 CH2O  +        =       + DRYCH2  	      	      	      	      	      	      	      	      	      	      
 N2O5  +        =       + DRYN2O  	      	      	      	      	      	      	      	      	      	      
 H2O2  +        =       + DRYH2O  	      	      	      	      	      	      	      	      	      	      
 PMN   +        =       + DRYPMN  	      	      	      	      	      	      	      	      	      	      
 PPN   +        =       + DRYPPN  	      	      	      	      	      	      	      	      	      	      
 R4N2  +        =       + DRYR4N  	      	      	      	      	      	      	      	      	      	      
 MVK   +        =       + DRYMVK  	      	      	      	      	      	      	      	      	      	      
 MACR  +        =       + DRYMAC  	      	      	      	      	      	      	      	      	      	      
 HAC   +        =       + DRYHAC  	      	      	      	      	      	      	      	      	      	      
 ALD2  +        =       + DRYALD  	      	      	      	      	      	      	      	      	      	      
 IEPOX +        =       + DRYIEP  	      	      	      	      	      	      	      	      	      	      
 RIP   +        =       + DRYRIP  	      	      	      	      	      	      	      	      	      	      
 ISOPND+        =       + DRYISO  	      	      	      	      	      	      	      	      	      	      
 ISOPNB+        =       + DRYISO  	      	      	      	      	      	      	      	      	      	      
 ISOPNB+O3      = MVKN  + MACRN + OH    + CH2O    	      	      	      	      	      	      	      	      
 ISOPND+O3      = PROPNN+ ETHLN + OH    + GLYC  + HAC     	      	      	      	      	      	      	      
 PROPNN+        =       + DRYPRO  	      	      	      	      	      	      	      	      	      	      
 MACRN +        =       + DRYMAC  	      	      	      	      	      	      	      	      	      	      
 MVKN  +        =       + DRYMVK  	      	      	      	      	      	      	      	      	      	      
 HCOOH +        =       + DRYHCO  	      	      	      	      	      	      	      	      	      	      
 ACTA  +        =       + DRYACT  	      	      	      	      	      	      	      	      	      	      
 HO2   +          	      	      	      	      	      	      	      	      	      	      	      	      
 NO2   +        = HNO3  + HNO2    	      	      	      	      	      	      	      	      	      	      
 NO3   +        = HNO3    	      	      	      	      	      	      	      	      	      	      	      
 N2O5  +        = HNO3    	      	      	      	      	      	      	      	      	      	      	      
 DMS   +OH      = SO2   + MO2   + CH2O    	      	      	      	      	      	      	      	      	      
 DMS   +OH      = SO2   + MSA   + MO2     	      	      	      	      	      	      	      	      	      
       +          	      	      	      	      	      	      	      	      	      	      	      	      
 DMS   +NO3     = SO2   + HNO3  + MO2   + CH2O    	      	      	      	      	      	      	      	      
 SO2   +OH      = SO4   + HO2     	      	      	      	      	      	      	      	      	      	      
       +          	      	      	      	      	      	      	      	      	      	      	      	      
 Br    +O3      = BrO   + O2      	      	      	      	      	      	      	      	      	      	      
 BrO   +HO2     = HOBr  + O2      	      	      	      	      	      	      	      	      	      	      
 Br    +HO2     = HBr   + O2      	      	      	      	      	      	      	      	      	      	      
 HBr   +OH      = Br    + H2O     	      	      	      	      	      	      	      	      	      	      
 BrO   +BrO     = Br    + O2      	      	      	      	      	      	      	      	      	      	      
 BrO   +BrO     = Br2   + O2      	      	      	      	      	      	      	      	      	      	      
 BrO   +NO      = Br    + NO2     	      	      	      	      	      	      	      	      	      	      
 Br    +BrNO3   = Br2   + NO3     	      	      	      	      	      	      	      	      	      	      
 Br2   +OH      = HOBr  + Br      	      	      	      	      	      	      	      	      	      	      
 BrO   +OH      = Br    + HO2     	      	      	      	      	      	      	      	      	      	      
 Br    +NO3     = BrO   + NO2     	      	      	      	      	      	      	      	      	      	      
 Br    +CH2O    = HBr   + HO2   + CO      	      	      	      	      	      	      	      	      	      
 Br    +ALD2    = HBr   + MCO3  + CO      	      	      	      	      	      	      	      	      	      
 Br    +ACET    = HBr   + ATO2  + CO      	      	      	      	      	      	      	      	      	      
 Br    +C2H6    = HBr   + ETO2  + CO      	      	      	      	      	      	      	      	      	      
 Br    +C3H8    = HBr   + A3O2  + CO      	      	      	      	      	      	      	      	      	      
 Br    +NO2     = BrNO2   	      	      	      	      	      	      	      	      	      	      	      
       +          	      	      	      	      	      	      	      	      	      	      	      	      
 BrO   +NO2     = BrNO3   	      	      	      	      	      	      	      	      	      	      	      
       +          	      	      	      	      	      	      	      	      	      	      	      	      
 CHBr3 +OH      = Br      	      	      	      	      	      	      	      	      	      	      	      
 CH2Br2+OH      = Br      	      	      	      	      	      	      	      	      	      	      	      
 CH3Br +OH      = Br      	      	      	      	      	      	      	      	      	      	      	      
 BrNO3 +        = HOBr  + HNO3    	      	      	      	      	      	      	      	      	      	      
 HOBr  +        = Br2   + H2O     	      	      	      	      	      	      	      	      	      	      
 HBr   +        = Br2     	      	      	      	      	      	      	      	      	      	      	      
 HOBr  +        = Br2   + H2O     	      	      	      	      	      	      	      	      	      	      
 HBr   +        = Br2     	      	      	      	      	      	      	      	      	      	      	      
 HOBr  +        =       + DRYHOB  	      	      	      	      	      	      	      	      	      	      
 HBr   +        =       + DRYHBr  	      	      	      	      	      	      	      	      	      	      
 BrNO3 +        =       + DRYBrN  	      	      	      	      	      	      	      	      	      	      
 Br2   +        =       + DRYBr2  	      	      	      	      	      	      	      	      	      	      
 HC5   +OH      = HC5OO   	      	      	      	      	      	      	      	      	      	      	      
 HC5OO +NO      = NO2   + GLYX  + MGLY  + GLYC  + HAC   + DHMOB + MOBA  + RCHO  + HO2   + CO      	      	      
       +          	      	      	      	      	      	      	      	      	      	      	      	      
 HC5OO +NO      = HNO3    	      	      	      	      	      	      	      	      	      	      	      
       +          	      	      	      	      	      	      	      	      	      	      	      	      
 HC5OO +HO2     = IAP   + OH    + MGLY  + GLYC  + HO2     	      	      	      	      	      	      	      
       +          	      	      	      	      	      	      	      	      	      	      	      	      
 ISOPND+OH      = ISOPND  	      	      	      	      	      	      	      	      	      	      	      
 ISOPNB+OH      = ISOPNB  	      	      	      	      	      	      	      	      	      	      	      
 ISOPND+NO      = MACRN + HCOOH + HAC   + ETHLN + CH2O  + NO2   + GLYC  + NO3   + PROPNN+ MEK   + HO2     	      
       +          	      	      	      	      	      	      	      	      	      	      	      	      
 ISOPND+NO      = HNO3    	      	      	      	      	      	      	      	      	      	      	      
       +          	      	      	      	      	      	      	      	      	      	      	      	      
 ISOPND+HO2     = MACRN + HCOOH + HAC   + ETHLN + CH2O  + NO2   + GLYC  + NO3   + PROPNN+ MEK   + HO2   + OH    + ISNP  
       +          	      	      	      	      	      	      	      	      	      
 ISOPNB+NO      = GLYC  + HAC   + CH2O  + MACRN + HO2   + MVKN  + NO2     	      	      
       +          	      	      	      	      	      	      	      	      	      
 ISOPNB+NO      = HNO3    	      	      	      	      	      	      	      	      
       +          	      	      	      	      	      	      	      	      	      
 ISOPNB+HO2     = GLYC  + HAC   + CH2O  + MACRN + MVKN  + NO2   + HO2   + OH    + ISNP    
       +          	      	      	      	      	      	      	      	      	      
 ISNP  +OH      = OH    + R4N1  + ISOPNB+ ISOPND  	      	      	      	      	      
 MVKN  +OH      = HCOOH + NO3   + MGLY  + CH2O  + PYAC    	      	      	      	      
 MACRN +OH      = MACRNO  	      	      	      	      	      	      	      	      
 MACRNO+NO      = ACTA  + CH2O  + NO3   + HCOOH + MGLY  + HAC   + NO2   +       + NO2     
 MACRNO+HO2     = ACTA  + CH2O  + NO3   + HCOOH + MGLY  + HAC   + NO2   +       + OH      
       +          	      	      	      	      	      	      	      	      	      
 MACRNO+NO2     = PMNN    	      	      	      	      	      	      	      	      
       +          	      	      	      	      	      	      	      	      	      
 PMNN  +        = MACRNO+ NO2     	      	      	      	      	      	      	      
 DHMOB +OH      = CO    + HO2   + HAC   + MEK     	      	      	      	      	      
 DIBOO +NO      = HO2   + NO2   + GLYC  + MGLY  + HAC   + GLYX    	      	      	      
       +          	      	      	      	      	      	      	      	      	      
 DIBOO +NO      = HNO3    	      	      	      	      	      	      	      	      
       +          	      	      	      	      	      	      	      	      	      
 DIBOO +HO2     = HO2   + OH    + GLYC  + MGLY  + HAC   + GLYX  + R4P     	      	      
       +          	      	      	      	      	      	      	      	      	      
 MOBA  +OH      = MOBAOO  	      	      	      	      	      	      	      	      
 MOBAOO+NO      = RCHO  +       + HO2   + NO2     	      	      	      	      	      
       +          	      	      	      	      	      	      	      	      	      
 MOBAOO+NO      = HNO3    	      	      	      	      	      	      	      	      
       +          	      	      	      	      	      	      	      	      	      
 MOBAOO+HO2     = OH    + HO2   + RCHO  +       + R4P     	      	      	      	      
       +          	      	      	      	      	      	      	      	      	      
 MOBA  +O3      = OH    + HO2   +       + MEK     	      	      	      	      	      
 ETHLN +OH      = CH2O  +       + NO2     	      	      	      	      	      	      
 PROPNN+OH      = NO2   + MGLY    	      	      	      	      	      	      	      
 BENZ  +OH      = BRO2    	      	      	      	      	      	      	      	      
 TOLU  +OH      = TRO2    	      	      	      	      	      	      	      	      
 XYLE  +OH      = XRO2    	      	      	      	      	      	      	      	      
 MONX  +        = CH2O    	      	      	      	      	      	      	      	      
 BRO2  +HO2     = LBRO2H  	      	      	      	      	      	      	      	      
 BRO2  +NO      = LBRO2N  	      	      	      	      	      	      	      	      
 TRO2  +HO2     = LTRO2H  	      	      	      	      	      	      	      	      
 TRO2  +NO      = LTRO2N  	      	      	      	      	      	      	      	      
 XRO2  +HO2     = LXRO2H  	      	      	      	      	      	      	      	      
 XRO2  +NO      = LXRO2N  	      	      	      	      	      	      	      	      
 O3    +        = OH    + OH      	      	      	      	      	      	      	      
 O3    +        = HO2   + OH      	      	      	      	      	      	      	      
 NO2   +        = NO    + O3      	      	      	      	      	      	      	      
 H2O2  +        = OH    + OH      	      	      	      	      	      	      	      
 MP    +        = CH2O  + HO2   + OH      	      	      	      	      	      	      
 CH2O  +        = HO2   + HO2   + CO      	      	      	      	      	      	      
 CH2O  +        = H2    + CO      	      	      	      	      	      	      	      
 HNO3  +        = OH    + NO2     	      	      	      	      	      	      	      
 HNO2  +        = OH    + NO      	      	      	      	      	      	      	      
 HNO4  +        = OH    + NO3     	      	      	      	      	      	      	      
 NO3   +        = NO2   + O3      	      	      	      	      	      	      	      
 NO3   +        = NO    + O2      	      	      	      	      	      	      	      
 N2O5  +        = NO3   + NO2     	      	      	      	      	      	      	      
 N2O5  +        = NO3   + NO    + O3      	      	      	      	      	      	      
 HNO4  +        = HO2   + NO2     	      	      	      	      	      	      	      
 ALD2  +        = MO2   + HO2   + CO      	      	      	      	      	      	      
 ALD2  +        = CH4   + CO      	      	      	      	      	      	      	      
 PAN   +        = MCO3  + NO2   + MO2   + NO3     	      	      	      	      	      
 RCHO  +        = ETO2  + HO2   + CO      	      	      	      	      	      	      
 ACET  +        = MCO3  + MO2     	      	      	      	      	      	      	      
 ACET  +        = MO2   + CO      	      	      	      	      	      	      	      
 MEK   +        = MCO3  + ETO2  + MO2   + RCO3    	      	      	      	      	      
 GLYC  +        = CH2O  + HO2   + CO      	      	      	      	      	      	      
 GLYX  +        = H2    + CO    + CH2O  + CO      	      	      	      	      	      
 GLYX  +        = CO    + HO2     	      	      	      	      	      	      	      
 MGLY  +        = MCO3  + CO    + HO2     	      	      	      	      	      	      
 MGLY  +        = ALD2  + CO      	      	      	      	      	      	      	      
 MVK   +        = PRPE  + CO      	      	      	      	      	      	      	      
 MVK   +        = MCO3  + CH2O  + CO    + HO2     	      	      	      	      	      
 MVK   +        = MO2   + MAO3    	      	      	      	      	      	      	      
 MACR  +        = MAO3  + HO2     	      	      	      	      	      	      	      
 MACR  +        = CO    + HO2   + CH2O  + MCO3    	      	      	      	      	      
 HAC   +        = MCO3  + CH2O  + HO2     	      	      	      	      	      	      
 INPN  +        = OH    + HO2   + RCHO  + NO2     	      	      	      	      	      
 PRPN  +        = OH    + HO2   + RCHO  + NO2     	      	      	      	      	      
 ETP   +        = OH    + HO2   + ALD2    	      	      	      	      	      	      
 RA3P  +        = OH    + HO2   + RCHO    	      	      	      	      	      	      
 RB3P  +        = OH    + HO2   + ACET    	      	      	      	      	      	      
 R4P   +        = OH    + HO2   + RCHO    	      	      	      	      	      	      
 PP    +        = OH    + HO2   + ALD2  + CH2O    	      	      	      	      	      
 RP    +        = OH    + HO2   + ALD2    	      	      	      	      	      	      
 RIP   +        = OH    + HO2   + CH2O  + MVK   + MACR  + HC5     	      	      	      
 IAP   +        = OH    + HO2   + CO    + H2    + HAC   + GLYC  + MGLY    	      	      
 ISNP  +        = OH    + HO2   + RCHO  + NO2     	      	      	      	      	      
 VRP   +        = OH    + HO2   + CH2O  + MCO3  + GLYC  + MGLY    	      	      	      
 MRP   +        = OH    + HO2   + HAC   + CO    + CH2O    	      	      	      	      
 MAOP  +        = OH    + CH2O  + MCO3    	      	      	      	      	      	      
 R4N2  +        = NO2   + ACET  + MEK   + MO2   + HO2   + ALD2  + RCHO  + A3O2  + B3O2  + ETO2  
 MAP   +        = OH    + MO2     	      	      	      
 MACRN +        = NO2   + HAC   + MGLY  + CH2O  + HO2   + CO    
 MVKN  +        = GLYC  + NO2   + MCO3    
 ISOPNB+        = HC5   + NO2   + HO2     
 Br2   +        = Br      	      	      
 BrO   +        = Br    + O3      	      
 HOBr  +        = Br    + OH      	      
 BrNO3 +        = Br    + NO3     	      
 BrNO3 +        = BrO   + NO2     	      
 BrNO2 +        = Br    + NO2     	      
 CHBr3 +        = Br      	      	      
 MPN   +        = CH2O  + NO3   + HO2     
 MPN   +        = MO2   + NO2     	      
 ISOPND+        = HC5   + NO2   + HO2     
 PROPNN+        = CH2O  + NO2   + CO    + MO2   
 ATOOH +        = OH    + CH2O  + MCO3  